{"/home/guilherme/Projects/study/playlist-reactjs/project-03/src/App.tsx": {"path":"/home/guilherme/Projects/study/playlist-reactjs/project-03/src/App.tsx","all":false,"statementMap":{"0":{"start":{"line":1,"column":0},"end":{"line":1,"column":18}},"2":{"start":{"line":3,"column":0},"end":{"line":3,"column":16}},"4":{"start":{"line":5,"column":0},"end":{"line":5,"column":10}},"5":{"start":{"line":6,"column":0},"end":{"line":6,"column":9}},"6":{"start":{"line":7,"column":0},"end":{"line":7,"column":27}},"7":{"start":{"line":8,"column":0},"end":{"line":8,"column":29}},"8":{"start":{"line":9,"column":0},"end":{"line":9,"column":10}},"10":{"start":{"line":11,"column":0},"end":{"line":11,"column":1}},"12":{"start":{"line":13,"column":0},"end":{"line":13,"column":18}}},"s":{"0":1,"2":2,"4":2,"5":2,"6":2,"7":2,"8":2,"10":2,"12":1},"branchMap":{"0":{"type":"branch","line":3,"loc":{"start":{"line":3,"column":0},"end":{"line":11,"column":1}},"locations":[{"start":{"line":3,"column":0},"end":{"line":11,"column":1}}]}},"b":{"0":[2]},"fnMap":{"0":{"name":"App","decl":{"start":{"line":3,"column":0},"end":{"line":11,"column":1}},"loc":{"start":{"line":3,"column":0},"end":{"line":11,"column":1}},"line":3}},"f":{"0":2}}
,"/home/guilherme/Projects/study/playlist-reactjs/project-03/src/main.tsx": {"path":"/home/guilherme/Projects/study/playlist-reactjs/project-03/src/main.tsx","all":true,"statementMap":{"0":{"start":{"line":1,"column":0},"end":{"line":1,"column":45}},"1":{"start":{"line":2,"column":0},"end":{"line":2,"column":48}},"2":{"start":{"line":3,"column":0},"end":{"line":3,"column":34}},"3":{"start":{"line":4,"column":0},"end":{"line":4,"column":20}},"5":{"start":{"line":6,"column":0},"end":{"line":6,"column":52}},"6":{"start":{"line":7,"column":0},"end":{"line":7,"column":17}},"7":{"start":{"line":8,"column":0},"end":{"line":8,"column":18}},"8":{"start":{"line":9,"column":0},"end":{"line":9,"column":18}},"9":{"start":{"line":10,"column":0},"end":{"line":10,"column":1}}},"s":{"0":0,"1":0,"2":0,"3":0,"5":0,"6":0,"7":0,"8":0,"9":0},"branchMap":{"0":{"type":"branch","line":1,"loc":{"start":{"line":1,"column":227},"end":{"line":10,"column":-167}},"locations":[{"start":{"line":1,"column":227},"end":{"line":10,"column":-167}}]}},"b":{"0":[0]},"fnMap":{"0":{"name":"(empty-report)","decl":{"start":{"line":1,"column":227},"end":{"line":10,"column":-167}},"loc":{"start":{"line":1,"column":227},"end":{"line":10,"column":-167}},"line":1}},"f":{"0":0}}
,"/home/guilherme/Projects/study/playlist-reactjs/project-03/src/routes.tsx": {"path":"/home/guilherme/Projects/study/playlist-reactjs/project-03/src/routes.tsx","all":true,"statementMap":{"0":{"start":{"line":1,"column":0},"end":{"line":1,"column":49}},"1":{"start":{"line":2,"column":0},"end":{"line":2,"column":28}},"2":{"start":{"line":3,"column":0},"end":{"line":3,"column":36}},"4":{"start":{"line":5,"column":0},"end":{"line":5,"column":38}},"5":{"start":{"line":6,"column":0},"end":{"line":6,"column":10}},"6":{"start":{"line":7,"column":0},"end":{"line":7,"column":12}},"7":{"start":{"line":8,"column":0},"end":{"line":8,"column":44}},"8":{"start":{"line":9,"column":0},"end":{"line":9,"column":57}},"9":{"start":{"line":10,"column":0},"end":{"line":10,"column":13}},"11":{"start":{"line":12,"column":0},"end":{"line":12,"column":1}}},"s":{"0":0,"1":0,"2":0,"4":0,"5":0,"6":0,"7":0,"8":0,"9":0,"11":0},"branchMap":{"0":{"type":"branch","line":1,"loc":{"start":{"line":1,"column":211},"end":{"line":12,"column":-223}},"locations":[{"start":{"line":1,"column":211},"end":{"line":12,"column":-223}}]}},"b":{"0":[0]},"fnMap":{"0":{"name":"(empty-report)","decl":{"start":{"line":1,"column":211},"end":{"line":12,"column":-223}},"loc":{"start":{"line":1,"column":211},"end":{"line":12,"column":-223}},"line":1}},"f":{"0":0}}
,"/home/guilherme/Projects/study/playlist-reactjs/project-03/src/Dashboard/index.tsx": {"path":"/home/guilherme/Projects/study/playlist-reactjs/project-03/src/Dashboard/index.tsx","all":true,"statementMap":{"0":{"start":{"line":1,"column":0},"end":{"line":1,"column":42}},"2":{"start":{"line":3,"column":0},"end":{"line":3,"column":37}},"3":{"start":{"line":4,"column":0},"end":{"line":4,"column":10}},"4":{"start":{"line":5,"column":0},"end":{"line":5,"column":38}},"5":{"start":{"line":6,"column":0},"end":{"line":6,"column":24}},"6":{"start":{"line":7,"column":0},"end":{"line":7,"column":10}},"8":{"start":{"line":9,"column":0},"end":{"line":9,"column":1}}},"s":{"0":0,"2":0,"3":0,"4":0,"5":0,"6":0,"8":0},"branchMap":{"0":{"type":"branch","line":1,"loc":{"start":{"line":1,"column":138},"end":{"line":9,"column":-131}},"locations":[{"start":{"line":1,"column":138},"end":{"line":9,"column":-131}}]}},"b":{"0":[0]},"fnMap":{"0":{"name":"(empty-report)","decl":{"start":{"line":1,"column":138},"end":{"line":9,"column":-131}},"loc":{"start":{"line":1,"column":138},"end":{"line":9,"column":-131}},"line":1}},"f":{"0":0}}
,"/home/guilherme/Projects/study/playlist-reactjs/project-03/src/Login/index.tsx": {"path":"/home/guilherme/Projects/study/playlist-reactjs/project-03/src/Login/index.tsx","all":false,"statementMap":{"1":{"start":{"line":2,"column":0},"end":{"line":2,"column":42}},"2":{"start":{"line":3,"column":0},"end":{"line":3,"column":47}},"4":{"start":{"line":5,"column":0},"end":{"line":5,"column":33}},"5":{"start":{"line":6,"column":0},"end":{"line":6,"column":33}},"7":{"start":{"line":8,"column":0},"end":{"line":8,"column":43}},"8":{"start":{"line":9,"column":0},"end":{"line":9,"column":27}},"9":{"start":{"line":10,"column":0},"end":{"line":10,"column":26}},"10":{"start":{"line":11,"column":0},"end":{"line":11,"column":3}},"12":{"start":{"line":13,"column":0},"end":{"line":13,"column":10}},"13":{"start":{"line":14,"column":0},"end":{"line":14,"column":38}},"14":{"start":{"line":15,"column":0},"end":{"line":15,"column":22}},"16":{"start":{"line":17,"column":0},"end":{"line":17,"column":36}},"17":{"start":{"line":18,"column":0},"end":{"line":18,"column":61}},"18":{"start":{"line":19,"column":0},"end":{"line":19,"column":60}},"19":{"start":{"line":20,"column":0},"end":{"line":20,"column":30}},"20":{"start":{"line":21,"column":0},"end":{"line":21,"column":13}},"22":{"start":{"line":23,"column":0},"end":{"line":23,"column":10}},"24":{"start":{"line":25,"column":0},"end":{"line":25,"column":1}}},"s":{"1":1,"2":1,"4":6,"5":6,"7":6,"8":1,"9":1,"10":1,"12":6,"13":6,"14":6,"16":6,"17":6,"18":6,"19":6,"20":6,"22":6,"24":6},"branchMap":{"0":{"type":"branch","line":5,"loc":{"start":{"line":5,"column":0},"end":{"line":25,"column":1}},"locations":[{"start":{"line":5,"column":0},"end":{"line":25,"column":1}}]},"1":{"type":"branch","line":8,"loc":{"start":{"line":8,"column":2},"end":{"line":11,"column":3}},"locations":[{"start":{"line":8,"column":2},"end":{"line":11,"column":3}}]}},"b":{"0":[6],"1":[1]},"fnMap":{"0":{"name":"Login","decl":{"start":{"line":5,"column":0},"end":{"line":25,"column":1}},"loc":{"start":{"line":5,"column":0},"end":{"line":25,"column":1}},"line":5},"1":{"name":"handleSubmit","decl":{"start":{"line":8,"column":2},"end":{"line":11,"column":3}},"loc":{"start":{"line":8,"column":2},"end":{"line":11,"column":3}},"line":8}},"f":{"0":6,"1":1}}
}
